This file contains any messages produced by compilers while
running configure, to aid debugging if configure makes a mistake.

It was created by spatialindex configure 1.7.1, which was
generated by GNU Autoconf 2.61.  Invocation command line was

  $ ./configure 

## --------- ##
## Platform. ##
## --------- ##

hostname = cnbjlx5498
uname -m = x86_64
uname -r = 2.6.32-41-generic
uname -s = Linux
uname -v = #91-Ubuntu SMP Wed Jun 13 11:43:55 UTC 2012

/usr/bin/uname -p = unknown
/bin/uname -X     = unknown

/bin/arch              = unknown
/usr/bin/arch -k       = unknown
/usr/convex/getsysinfo = unknown
/usr/bin/hostinfo      = unknown
/bin/machine           = unknown
/usr/bin/oslevel       = unknown
/bin/universe          = unknown

PATH: /home/CORPUSERS/28851274/bin
PATH: /usr/local/sbin
PATH: /usr/local/bin
PATH: /usr/sbin
PATH: /usr/bin
PATH: /sbin
PATH: /bin
PATH: /usr/games
PATH: /opt/GWT/gwt-2.4.0/


## ----------- ##
## Core tests. ##
## ----------- ##

configure:1840: checking build system type
configure:1858: result: x86_64-unknown-linux-gnu
configure:1945: checking for g++
configure:1961: found /usr/bin/g++
configure:1972: result: g++
configure:2003: checking for C++ compiler version
configure:2010: g++ --version >&5
g++ (Ubuntu 4.4.3-4ubuntu5.1) 4.4.3
Copyright (C) 2009 Free Software Foundation, Inc.
This is free software; see the source for copying conditions.  There is NO
warranty; not even for MERCHANTABILITY or FITNESS FOR A PARTICULAR PURPOSE.

configure:2013: $? = 0
configure:2020: g++ -v >&5
Using built-in specs.
Target: x86_64-linux-gnu
Configured with: ../src/configure -v --with-pkgversion='Ubuntu 4.4.3-4ubuntu5.1' --with-bugurl=file:///usr/share/doc/gcc-4.4/README.Bugs --enable-languages=c,c++,fortran,objc,obj-c++ --prefix=/usr --enable-shared --enable-multiarch --enable-linker-build-id --with-system-zlib --libexecdir=/usr/lib --without-included-gettext --enable-threads=posix --with-gxx-include-dir=/usr/include/c++/4.4 --program-suffix=-4.4 --enable-nls --enable-clocale=gnu --enable-libstdcxx-debug --enable-plugin --enable-objc-gc --disable-werror --with-arch-32=i486 --with-tune=generic --enable-checking=release --build=x86_64-linux-gnu --host=x86_64-linux-gnu --target=x86_64-linux-gnu
Thread model: posix
gcc version 4.4.3 (Ubuntu 4.4.3-4ubuntu5.1) 
configure:2023: $? = 0
configure:2030: g++ -V >&5
g++: '-V' option must have argument
configure:2033: $? = 1
configure:2056: checking for C++ compiler default output file name
configure:2083: g++ -Wall -Wno-long-long -pedantic -std=c++98    conftest.cpp  >&5
configure:2086: $? = 0
configure:2124: result: a.out
configure:2141: checking whether the C++ compiler works
configure:2151: ./a.out
configure:2154: $? = 0
configure:2171: result: yes
configure:2178: checking whether we are cross compiling
configure:2180: result: no
configure:2183: checking for suffix of executables
configure:2190: g++ -o conftest -Wall -Wno-long-long -pedantic -std=c++98    conftest.cpp  >&5
configure:2193: $? = 0
configure:2217: result: 
configure:2223: checking for suffix of object files
configure:2249: g++ -c -Wall -Wno-long-long -pedantic -std=c++98   conftest.cpp >&5
configure:2252: $? = 0
configure:2275: result: o
configure:2279: checking whether we are using the GNU C++ compiler
configure:2308: g++ -c -Wall -Wno-long-long -pedantic -std=c++98   conftest.cpp >&5
configure:2314: $? = 0
configure:2331: result: yes
configure:2336: checking whether g++ accepts -g
configure:2366: g++ -c -g  conftest.cpp >&5
configure:2372: $? = 0
configure:2471: result: yes
configure:2499: checking how to run the C++ preprocessor
configure:2535: g++ -E  conftest.cpp
configure:2541: $? = 0
configure:2572: g++ -E  conftest.cpp
conftest.cpp:8:28: error: ac_nonexistent.h: No such file or directory
configure:2578: $? = 1
configure: failed program was:
| /* confdefs.h.  */
| #define PACKAGE_NAME "spatialindex"
| #define PACKAGE_TARNAME "spatialindex-src"
| #define PACKAGE_VERSION "1.7.1"
| #define PACKAGE_STRING "spatialindex 1.7.1"
| #define PACKAGE_BUGREPORT "mhadji@gmail.com"
| /* end confdefs.h.  */
| #include <ac_nonexistent.h>
configure:2611: result: g++ -E
configure:2640: g++ -E  conftest.cpp
configure:2646: $? = 0
configure:2677: g++ -E  conftest.cpp
conftest.cpp:8:28: error: ac_nonexistent.h: No such file or directory
configure:2683: $? = 1
configure: failed program was:
| /* confdefs.h.  */
| #define PACKAGE_NAME "spatialindex"
| #define PACKAGE_TARNAME "spatialindex-src"
| #define PACKAGE_VERSION "1.7.1"
| #define PACKAGE_STRING "spatialindex 1.7.1"
| #define PACKAGE_BUGREPORT "mhadji@gmail.com"
| /* end confdefs.h.  */
| #include <ac_nonexistent.h>
configure:2733: checking for a BSD-compatible install
configure:2789: result: /usr/bin/install -c
configure:2800: checking whether ln -s works
configure:2804: result: yes
configure:2811: checking whether make sets $(MAKE)
configure:2832: result: yes
configure:2866: checking host system type
configure:2881: result: x86_64-unknown-linux-gnu
configure:2924: checking how to print strings
configure:2951: result: printf
configure:3020: checking for gcc
configure:3036: found /usr/bin/gcc
configure:3047: result: gcc
configure:3285: checking for C compiler version
configure:3292: gcc --version >&5
gcc (Ubuntu 4.4.3-4ubuntu5.1) 4.4.3
Copyright (C) 2009 Free Software Foundation, Inc.
This is free software; see the source for copying conditions.  There is NO
warranty; not even for MERCHANTABILITY or FITNESS FOR A PARTICULAR PURPOSE.

configure:3295: $? = 0
configure:3302: gcc -v >&5
Using built-in specs.
Target: x86_64-linux-gnu
Configured with: ../src/configure -v --with-pkgversion='Ubuntu 4.4.3-4ubuntu5.1' --with-bugurl=file:///usr/share/doc/gcc-4.4/README.Bugs --enable-languages=c,c++,fortran,objc,obj-c++ --prefix=/usr --enable-shared --enable-multiarch --enable-linker-build-id --with-system-zlib --libexecdir=/usr/lib --without-included-gettext --enable-threads=posix --with-gxx-include-dir=/usr/include/c++/4.4 --program-suffix=-4.4 --enable-nls --enable-clocale=gnu --enable-libstdcxx-debug --enable-plugin --enable-objc-gc --disable-werror --with-arch-32=i486 --with-tune=generic --enable-checking=release --build=x86_64-linux-gnu --host=x86_64-linux-gnu --target=x86_64-linux-gnu
Thread model: posix
gcc version 4.4.3 (Ubuntu 4.4.3-4ubuntu5.1) 
configure:3305: $? = 0
configure:3312: gcc -V >&5
gcc: '-V' option must have argument
configure:3315: $? = 1
configure:3318: checking whether we are using the GNU C compiler
configure:3347: gcc -c -Wall -Wno-long-long -pedantic   conftest.c >&5
configure:3353: $? = 0
configure:3370: result: yes
configure:3375: checking whether gcc accepts -g
configure:3405: gcc -c -g  conftest.c >&5
configure:3411: $? = 0
configure:3510: result: yes
configure:3527: checking for gcc option to accept ISO C89
configure:3601: gcc  -c -Wall -Wno-long-long -pedantic   conftest.c >&5
configure:3607: $? = 0
configure:3630: result: none needed
configure:3648: checking for a sed that does not truncate output
configure:3727: result: /bin/sed
configure:3745: checking for grep that handles long lines and -e
configure:3819: result: /bin/grep
configure:3824: checking for egrep
configure:3902: result: /bin/grep -E
configure:3907: checking for fgrep
configure:3985: result: /bin/grep -F
configure:4020: checking for ld used by gcc
configure:4087: result: /usr/bin/ld
configure:4096: checking if the linker (/usr/bin/ld) is GNU ld
configure:4111: result: yes
configure:4123: checking for BSD- or MS-compatible name lister (nm)
configure:4172: result: /usr/bin/nm -B
configure:4306: checking the name lister (/usr/bin/nm -B) interface
configure:4313: gcc -c -Wall -Wno-long-long -pedantic   conftest.c >&5
configure:4316: /usr/bin/nm -B "conftest.o"
configure:4319: output
0000000000000000 B some_variable
configure:4326: result: BSD nm
configure:4330: checking the maximum length of command line arguments
configure:4455: result: 1572864
configure:4472: checking whether the shell understands some XSI constructs
configure:4482: result: yes
configure:4486: checking whether the shell understands "+="
configure:4492: result: yes
configure:4527: checking for /usr/bin/ld option to reload object files
configure:4534: result: -r
configure:4603: checking for objdump
configure:4619: found /usr/bin/objdump
configure:4630: result: objdump
configure:4666: checking how to recognize dependent libraries
configure:4868: result: pass_all
configure:4928: checking for ar
configure:4944: found /usr/bin/ar
configure:4955: result: ar
configure:5037: checking for strip
configure:5053: found /usr/bin/strip
configure:5064: result: strip
configure:5140: checking for ranlib
configure:5156: found /usr/bin/ranlib
configure:5167: result: ranlib
configure:5248: checking for gawk
configure:5264: found /usr/bin/gawk
configure:5275: result: gawk
configure:5315: checking command to parse /usr/bin/nm -B output from gcc object
configure:5433: gcc -c -Wall -Wno-long-long -pedantic   conftest.c >&5
configure:5436: $? = 0
configure:5440: /usr/bin/nm -B conftest.o \| sed -n -e 's/^.*[ ]\([ABCDGIRSTW][ABCDGIRSTW]*\)[ ][ ]*\([_A-Za-z][_A-Za-z0-9]*\)$/\1 \2 \2/p' \> conftest.nm
configure:5443: $? = 0
configure:5497: gcc -o conftest -Wall -Wno-long-long -pedantic    conftest.c conftstm.o >&5
conftest.c:17: warning: ISO C forbids conversion of function pointer to object pointer type
configure:5500: $? = 0
configure:5538: result: ok
configure:5634: gcc -c -Wall -Wno-long-long -pedantic   conftest.c >&5
configure:5637: $? = 0
configure:6449: checking how to run the C preprocessor
configure:6489: gcc -E  conftest.c
configure:6495: $? = 0
configure:6526: gcc -E  conftest.c
conftest.c:8:28: error: ac_nonexistent.h: No such file or directory
configure:6532: $? = 1
configure: failed program was:
| /* confdefs.h.  */
| #define PACKAGE_NAME "spatialindex"
| #define PACKAGE_TARNAME "spatialindex-src"
| #define PACKAGE_VERSION "1.7.1"
| #define PACKAGE_STRING "spatialindex 1.7.1"
| #define PACKAGE_BUGREPORT "mhadji@gmail.com"
| /* end confdefs.h.  */
| #include <ac_nonexistent.h>
configure:6565: result: gcc -E
configure:6594: gcc -E  conftest.c
configure:6600: $? = 0
configure:6631: gcc -E  conftest.c
conftest.c:8:28: error: ac_nonexistent.h: No such file or directory
configure:6637: $? = 1
configure: failed program was:
| /* confdefs.h.  */
| #define PACKAGE_NAME "spatialindex"
| #define PACKAGE_TARNAME "spatialindex-src"
| #define PACKAGE_VERSION "1.7.1"
| #define PACKAGE_STRING "spatialindex 1.7.1"
| #define PACKAGE_BUGREPORT "mhadji@gmail.com"
| /* end confdefs.h.  */
| #include <ac_nonexistent.h>
configure:6675: checking for ANSI C header files
configure:6705: gcc -c -Wall -Wno-long-long -pedantic   conftest.c >&5
configure:6711: $? = 0
configure:6810: gcc -o conftest -Wall -Wno-long-long -pedantic    conftest.c  >&5
configure:6813: $? = 0
configure:6819: ./conftest
configure:6822: $? = 0
configure:6839: result: yes
configure:6863: checking for sys/types.h
configure:6884: gcc -c -Wall -Wno-long-long -pedantic   conftest.c >&5
configure:6890: $? = 0
configure:6906: result: yes
configure:6863: checking for sys/stat.h
configure:6884: gcc -c -Wall -Wno-long-long -pedantic   conftest.c >&5
configure:6890: $? = 0
configure:6906: result: yes
configure:6863: checking for stdlib.h
configure:6884: gcc -c -Wall -Wno-long-long -pedantic   conftest.c >&5
configure:6890: $? = 0
configure:6906: result: yes
configure:6863: checking for string.h
configure:6884: gcc -c -Wall -Wno-long-long -pedantic   conftest.c >&5
configure:6890: $? = 0
configure:6906: result: yes
configure:6863: checking for memory.h
configure:6884: gcc -c -Wall -Wno-long-long -pedantic   conftest.c >&5
configure:6890: $? = 0
configure:6906: result: yes
configure:6863: checking for strings.h
configure:6884: gcc -c -Wall -Wno-long-long -pedantic   conftest.c >&5
configure:6890: $? = 0
configure:6906: result: yes
configure:6863: checking for inttypes.h
configure:6884: gcc -c -Wall -Wno-long-long -pedantic   conftest.c >&5
configure:6890: $? = 0
configure:6906: result: yes
configure:6863: checking for stdint.h
configure:6884: gcc -c -Wall -Wno-long-long -pedantic   conftest.c >&5
configure:6890: $? = 0
configure:6906: result: yes
configure:6863: checking for unistd.h
configure:6884: gcc -c -Wall -Wno-long-long -pedantic   conftest.c >&5
configure:6890: $? = 0
configure:6906: result: yes
configure:6922: checking for dlfcn.h
configure:6943: gcc -c -Wall -Wno-long-long -pedantic   conftest.c >&5
configure:6949: $? = 0
configure:6965: result: yes
configure:7153: checking for objdir
configure:7168: result: .libs
configure:7435: checking if gcc supports -fno-rtti -fno-exceptions
configure:7453: gcc -c -Wall -Wno-long-long -pedantic   -fno-rtti -fno-exceptions conftest.c >&5
cc1: warning: command line option "-fno-rtti" is valid for C++/ObjC++ but not for C
configure:7457: $? = 0
configure:7470: result: no
configure:7490: checking for gcc option to produce PIC
configure:7775: result: -fPIC -DPIC
configure:7787: checking if gcc PIC flag -fPIC -DPIC works
configure:7805: gcc -c -Wall -Wno-long-long -pedantic   -fPIC -DPIC -DPIC conftest.c >&5
configure:7809: $? = 0
configure:7822: result: yes
configure:7846: checking if gcc static flag -static works
configure:7874: result: yes
configure:7889: checking if gcc supports -c -o file.o
configure:7910: gcc -c -Wall -Wno-long-long -pedantic   -o out/conftest2.o conftest.c >&5
configure:7914: $? = 0
configure:7936: result: yes
configure:7944: checking if gcc supports -c -o file.o
configure:7991: result: yes
configure:8024: checking whether the gcc linker (/usr/bin/ld -m elf_x86_64) supports shared libraries
configure:9175: result: yes
configure:9212: checking whether -lc should be explicitly linked in
configure:9220: gcc -c -Wall -Wno-long-long -pedantic   conftest.c >&5
configure:9223: $? = 0
configure:9238: gcc -shared conftest.o  -v -Wl,-soname -Wl,conftest -o conftest 2\>\&1 \| /bin/grep  -lc  \>/dev/null 2\>\&1
configure:9241: $? = 0
configure:9255: result: no
configure:9420: checking dynamic linker characteristics
configure:9885: gcc -o conftest -Wall -Wno-long-long -pedantic    -Wl,-rpath -Wl,/foo conftest.c  >&5
configure:9891: $? = 0
configure:10125: result: GNU/Linux ld.so
configure:10232: checking how to hardcode library paths into programs
configure:10257: result: immediate
configure:11082: checking whether stripping libraries is possible
configure:11087: result: yes
configure:11122: checking if libtool supports shared libraries
configure:11124: result: yes
configure:11127: checking whether to build shared libraries
configure:11148: result: yes
configure:11151: checking whether to build static libraries
configure:11155: result: yes
configure:11178: checking how to run the C++ preprocessor
configure:11290: result: g++ -E
configure:11319: g++ -E  conftest.cpp
configure:11325: $? = 0
configure:11356: g++ -E  conftest.cpp
conftest.cpp:20:28: error: ac_nonexistent.h: No such file or directory
configure:11362: $? = 1
configure: failed program was:
| /* confdefs.h.  */
| #define PACKAGE_NAME "spatialindex"
| #define PACKAGE_TARNAME "spatialindex-src"
| #define PACKAGE_VERSION "1.7.1"
| #define PACKAGE_STRING "spatialindex 1.7.1"
| #define PACKAGE_BUGREPORT "mhadji@gmail.com"
| #define STDC_HEADERS 1
| #define HAVE_SYS_TYPES_H 1
| #define HAVE_SYS_STAT_H 1
| #define HAVE_STDLIB_H 1
| #define HAVE_STRING_H 1
| #define HAVE_MEMORY_H 1
| #define HAVE_STRINGS_H 1
| #define HAVE_INTTYPES_H 1
| #define HAVE_STDINT_H 1
| #define HAVE_UNISTD_H 1
| #define HAVE_DLFCN_H 1
| #define LT_OBJDIR ".libs/"
| /* end confdefs.h.  */
| #include <ac_nonexistent.h>
configure:11539: checking for ld used by g++
configure:11606: result: /usr/bin/ld -m elf_x86_64
configure:11615: checking if the linker (/usr/bin/ld -m elf_x86_64) is GNU ld
configure:11630: result: yes
configure:11685: checking whether the g++ linker (/usr/bin/ld -m elf_x86_64) supports shared libraries
configure:12671: result: yes
configure:12699: g++ -c -Wall -Wno-long-long -pedantic -std=c++98   conftest.cpp >&5
configure:12702: $? = 0
configure:12884: checking for g++ option to produce PIC
configure:13206: result: -fPIC -DPIC
configure:13215: checking if g++ PIC flag -fPIC -DPIC works
configure:13233: g++ -c -Wall -Wno-long-long -pedantic -std=c++98   -fPIC -DPIC -DPIC conftest.cpp >&5
configure:13237: $? = 0
configure:13250: result: yes
configure:13271: checking if g++ static flag -static works
configure:13299: result: yes
configure:13311: checking if g++ supports -c -o file.o
configure:13332: g++ -c -Wall -Wno-long-long -pedantic -std=c++98   -o out/conftest2.o conftest.cpp >&5
configure:13336: $? = 0
configure:13358: result: yes
configure:13363: checking if g++ supports -c -o file.o
configure:13410: result: yes
configure:13440: checking whether the g++ linker (/usr/bin/ld -m elf_x86_64) supports shared libraries
configure:13468: result: yes
configure:13611: checking dynamic linker characteristics
configure:14250: result: GNU/Linux ld.so
configure:14303: checking how to hardcode library paths into programs
configure:14328: result: immediate
configure:14388: checking whether build environment is sane
configure:14431: result: yes
configure:14459: checking for a thread-safe mkdir -p
configure:14498: result: /bin/mkdir -p
configure:14528: checking for style of include used by make
configure:14556: result: GNU
configure:14749: checking dependency style of gcc
configure:14840: result: gcc3
configure:14857: checking dependency style of g++
configure:14948: result: gcc3
configure:14981: checking fcntl.h usability
configure:14998: gcc -c -Wall -Wno-long-long -pedantic   conftest.c >&5
configure:15004: $? = 0
configure:15018: result: yes
configure:15022: checking fcntl.h presence
configure:15037: gcc -E  conftest.c
configure:15043: $? = 0
configure:15057: result: yes
configure:15090: checking for fcntl.h
configure:15098: result: yes
configure:15120: checking for unistd.h
configure:15126: result: yes
configure:15269: checking for sys/types.h
configure:15275: result: yes
configure:15418: checking for sys/stat.h
configure:15424: result: yes
configure:15577: checking pthread.h usability
configure:15594: gcc -c -Wall -Wno-long-long -pedantic   conftest.c >&5
configure:15600: $? = 0
configure:15614: result: yes
configure:15618: checking pthread.h presence
configure:15633: gcc -E  conftest.c
configure:15639: $? = 0
configure:15653: result: yes
configure:15686: checking for pthread.h
configure:15694: result: yes
configure:15722: checking sys/resource.h usability
configure:15739: gcc -c -Wall -Wno-long-long -pedantic   conftest.c >&5
configure:15745: $? = 0
configure:15759: result: yes
configure:15763: checking sys/resource.h presence
configure:15778: gcc -E  conftest.c
configure:15784: $? = 0
configure:15798: result: yes
configure:15831: checking for sys/resource.h
configure:15839: result: yes
configure:15871: checking sys/time.h usability
configure:15888: gcc -c -Wall -Wno-long-long -pedantic   conftest.c >&5
configure:15894: $? = 0
configure:15908: result: yes
configure:15912: checking sys/time.h presence
configure:15927: gcc -E  conftest.c
configure:15933: $? = 0
configure:15947: result: yes
configure:15980: checking for sys/time.h
configure:15988: result: yes
configure:16010: checking for stdint.h
configure:16016: result: yes
configure:16169: checking features.h usability
configure:16186: gcc -c -Wall -Wno-long-long -pedantic   conftest.c >&5
configure:16192: $? = 0
configure:16206: result: yes
configure:16210: checking features.h presence
configure:16225: gcc -E  conftest.c
configure:16231: $? = 0
configure:16245: result: yes
configure:16278: checking for features.h
configure:16286: result: yes
configure:16318: result: checking wether debug information is enabled... no
configure:16332: checking for gettimeofday
configure:16388: gcc -o conftest -Wall -Wno-long-long -pedantic    conftest.c  -lpthread >&5
configure:16394: $? = 0
configure:16412: result: yes
configure:16332: checking for bzero
configure:16388: gcc -o conftest -Wall -Wno-long-long -pedantic    conftest.c  -lpthread >&5
conftest.c:55: warning: conflicting types for built-in function 'bzero'
configure:16394: $? = 0
configure:16412: result: yes
configure:16332: checking for memset
configure:16388: gcc -o conftest -Wall -Wno-long-long -pedantic    conftest.c  -lpthread >&5
conftest.c:56: warning: conflicting types for built-in function 'memset'
configure:16394: $? = 0
configure:16412: result: yes
configure:16332: checking for memcpy
configure:16388: gcc -o conftest -Wall -Wno-long-long -pedantic    conftest.c  -lpthread >&5
conftest.c:57: warning: conflicting types for built-in function 'memcpy'
configure:16394: $? = 0
configure:16412: result: yes
configure:16332: checking for bcopy
configure:16388: gcc -o conftest -Wall -Wno-long-long -pedantic    conftest.c  -lpthread >&5
conftest.c:58: warning: conflicting types for built-in function 'bcopy'
configure:16394: $? = 0
configure:16412: result: yes
configure:16332: checking for srand48
configure:16388: gcc -o conftest -Wall -Wno-long-long -pedantic    conftest.c  -lpthread >&5
configure:16394: $? = 0
configure:16412: result: yes
configure:16593: creating ./config.status

## ---------------------- ##
## Running config.status. ##
## ---------------------- ##

This file was extended by spatialindex config.status 1.7.1, which was
generated by GNU Autoconf 2.61.  Invocation command line was

  CONFIG_FILES    = 
  CONFIG_HEADERS  = 
  CONFIG_LINKS    = 
  CONFIG_COMMANDS = 
  $ ./config.status 

on cnbjlx5498

config.status:914: creating Makefile
config.status:914: creating include/Makefile
config.status:914: creating src/Makefile
config.status:914: creating src/libspatialindex.pc
config.status:914: creating src/capi/Makefile
config.status:914: creating src/spatialindex/Makefile
config.status:914: creating src/storagemanager/Makefile
config.status:914: creating src/rtree/Makefile
config.status:914: creating src/mvrtree/Makefile
config.status:914: creating src/tprtree/Makefile
config.status:914: creating src/tools/Makefile
config.status:914: creating test/Makefile
config.status:914: creating test/rtree/Makefile
config.status:914: creating test/mvrtree/Makefile
config.status:914: creating test/tprtree/Makefile
config.status:1105: executing libtool commands
config.status:1105: executing depfiles commands

## ---------------- ##
## Cache variables. ##
## ---------------- ##

ac_cv_build=x86_64-unknown-linux-gnu
ac_cv_c_compiler_gnu=yes
ac_cv_cxx_compiler_gnu=yes
ac_cv_env_CCC_set=
ac_cv_env_CCC_value=
ac_cv_env_CC_set=
ac_cv_env_CC_value=
ac_cv_env_CFLAGS_set=
ac_cv_env_CFLAGS_value=
ac_cv_env_CPPFLAGS_set=
ac_cv_env_CPPFLAGS_value=
ac_cv_env_CPP_set=
ac_cv_env_CPP_value=
ac_cv_env_CXXCPP_set=
ac_cv_env_CXXCPP_value=
ac_cv_env_CXXFLAGS_set=
ac_cv_env_CXXFLAGS_value=
ac_cv_env_CXX_set=
ac_cv_env_CXX_value=
ac_cv_env_LDFLAGS_set=
ac_cv_env_LDFLAGS_value=
ac_cv_env_LIBS_set=
ac_cv_env_LIBS_value=
ac_cv_env_build_alias_set=
ac_cv_env_build_alias_value=
ac_cv_env_host_alias_set=
ac_cv_env_host_alias_value=
ac_cv_env_target_alias_set=
ac_cv_env_target_alias_value=
ac_cv_func_bcopy=yes
ac_cv_func_bzero=yes
ac_cv_func_gettimeofday=yes
ac_cv_func_memcpy=yes
ac_cv_func_memset=yes
ac_cv_func_srand48=yes
ac_cv_header_dlfcn_h=yes
ac_cv_header_fcntl_h=yes
ac_cv_header_features_h=yes
ac_cv_header_inttypes_h=yes
ac_cv_header_memory_h=yes
ac_cv_header_pthread_h=yes
ac_cv_header_stdc=yes
ac_cv_header_stdint_h=yes
ac_cv_header_stdlib_h=yes
ac_cv_header_string_h=yes
ac_cv_header_strings_h=yes
ac_cv_header_sys_resource_h=yes
ac_cv_header_sys_stat_h=yes
ac_cv_header_sys_time_h=yes
ac_cv_header_sys_types_h=yes
ac_cv_header_unistd_h=yes
ac_cv_host=x86_64-unknown-linux-gnu
ac_cv_objext=o
ac_cv_path_EGREP='/bin/grep -E'
ac_cv_path_FGREP='/bin/grep -F'
ac_cv_path_GREP=/bin/grep
ac_cv_path_SED=/bin/sed
ac_cv_path_install='/usr/bin/install -c'
ac_cv_path_mkdir=/bin/mkdir
ac_cv_prog_AWK=gawk
ac_cv_prog_CPP='gcc -E'
ac_cv_prog_CXXCPP='g++ -E'
ac_cv_prog_ac_ct_AR=ar
ac_cv_prog_ac_ct_CC=gcc
ac_cv_prog_ac_ct_CXX=g++
ac_cv_prog_ac_ct_OBJDUMP=objdump
ac_cv_prog_ac_ct_RANLIB=ranlib
ac_cv_prog_ac_ct_STRIP=strip
ac_cv_prog_cc_c89=
ac_cv_prog_cc_g=yes
ac_cv_prog_cxx_g=yes
ac_cv_prog_make_make_set=yes
am_cv_CC_dependencies_compiler_type=gcc3
am_cv_CXX_dependencies_compiler_type=gcc3
lt_cv_archive_cmds_need_lc=no
lt_cv_deplibs_check_method=pass_all
lt_cv_file_magic_cmd='$MAGIC_CMD'
lt_cv_file_magic_test_file=
lt_cv_ld_reload_flag=-r
lt_cv_nm_interface='BSD nm'
lt_cv_objdir=.libs
lt_cv_path_LD=/usr/bin/ld
lt_cv_path_LDCXX='/usr/bin/ld -m elf_x86_64'
lt_cv_path_NM='/usr/bin/nm -B'
lt_cv_prog_compiler_c_o=yes
lt_cv_prog_compiler_c_o_CXX=yes
lt_cv_prog_compiler_pic_works=yes
lt_cv_prog_compiler_pic_works_CXX=yes
lt_cv_prog_compiler_rtti_exceptions=no
lt_cv_prog_compiler_static_works=yes
lt_cv_prog_compiler_static_works_CXX=yes
lt_cv_prog_gnu_ld=yes
lt_cv_prog_gnu_ldcxx=yes
lt_cv_shlibpath_overrides_runpath=no
lt_cv_sys_global_symbol_pipe='sed -n -e '\''s/^.*[	 ]\([ABCDGIRSTW][ABCDGIRSTW]*\)[	 ][	 ]*\([_A-Za-z][_A-Za-z0-9]*\)$/\1 \2 \2/p'\'''
lt_cv_sys_global_symbol_to_c_name_address='sed -n -e '\''s/^: \([^ ]*\) $/  {\"\1\", (void *) 0},/p'\'' -e '\''s/^[ABCDGIRSTW]* \([^ ]*\) \([^ ]*\)$/  {"\2", (void *) \&\2},/p'\'''
lt_cv_sys_global_symbol_to_c_name_address_lib_prefix='sed -n -e '\''s/^: \([^ ]*\) $/  {\"\1\", (void *) 0},/p'\'' -e '\''s/^[ABCDGIRSTW]* \([^ ]*\) \(lib[^ ]*\)$/  {"\2", (void *) \&\2},/p'\'' -e '\''s/^[ABCDGIRSTW]* \([^ ]*\) \([^ ]*\)$/  {"lib\2", (void *) \&\2},/p'\'''
lt_cv_sys_global_symbol_to_cdecl='sed -n -e '\''s/^T .* \(.*\)$/extern int \1();/p'\'' -e '\''s/^[ABCDGIRSTW]* .* \(.*\)$/extern char \1;/p'\'''
lt_cv_sys_max_cmd_len=1572864

## ----------------- ##
## Output variables. ##
## ----------------- ##

ACLOCAL='${SHELL} /opt/workspace/tgserver/tg-socket-server/trunk/plugins/gis-service/spatialindex-src-1.7.1/missing --run aclocal-1.10'
AMDEPBACKSLASH='\'
AMDEP_FALSE='#'
AMDEP_TRUE=''
AMTAR='${SHELL} /opt/workspace/tgserver/tg-socket-server/trunk/plugins/gis-service/spatialindex-src-1.7.1/missing --run tar'
AR='ar'
AUTOCONF='${SHELL} /opt/workspace/tgserver/tg-socket-server/trunk/plugins/gis-service/spatialindex-src-1.7.1/missing --run autoconf'
AUTOHEADER='${SHELL} /opt/workspace/tgserver/tg-socket-server/trunk/plugins/gis-service/spatialindex-src-1.7.1/missing --run autoheader'
AUTOMAKE='${SHELL} /opt/workspace/tgserver/tg-socket-server/trunk/plugins/gis-service/spatialindex-src-1.7.1/missing --run automake-1.10'
AWK='gawk'
CC='gcc'
CCDEPMODE='depmode=gcc3'
CFLAGS='-Wall -Wno-long-long -pedantic '
CPP='gcc -E'
CPPFLAGS=''
CXX='g++'
CXXCPP='g++ -E'
CXXDEPMODE='depmode=gcc3'
CXXFLAGS='-Wall -Wno-long-long -pedantic -std=c++98  -O2 -DNDEBUG'
CYGPATH_W='echo'
DEFS='-DPACKAGE_NAME=\"spatialindex\" -DPACKAGE_TARNAME=\"spatialindex-src\" -DPACKAGE_VERSION=\"1.7.1\" -DPACKAGE_STRING=\"spatialindex\ 1.7.1\" -DPACKAGE_BUGREPORT=\"mhadji@gmail.com\" -DSTDC_HEADERS=1 -DHAVE_SYS_TYPES_H=1 -DHAVE_SYS_STAT_H=1 -DHAVE_STDLIB_H=1 -DHAVE_STRING_H=1 -DHAVE_MEMORY_H=1 -DHAVE_STRINGS_H=1 -DHAVE_INTTYPES_H=1 -DHAVE_STDINT_H=1 -DHAVE_UNISTD_H=1 -DHAVE_DLFCN_H=1 -DLT_OBJDIR=\".libs/\" -DPACKAGE=\"spatialindex-src\" -DVERSION=\"1.7.1\" -DHAVE_FCNTL_H=1 -DHAVE_UNISTD_H=1 -DHAVE_SYS_TYPES_H=1 -DHAVE_SYS_STAT_H=1 -DHAVE_PTHREAD_H=1 -DHAVE_SYS_RESOURCE_H=1 -DHAVE_SYS_TIME_H=1 -DHAVE_STDINT_H=1 -DHAVE_FEATURES_H=1 -DHAVE_GETTIMEOFDAY=1 -DHAVE_BZERO=1 -DHAVE_MEMSET=1 -DHAVE_MEMCPY=1 -DHAVE_BCOPY=1 -DHAVE_SRAND48=1'
DEPDIR='.deps'
DSYMUTIL=''
DUMPBIN=''
ECHO_C=''
ECHO_N='-n'
ECHO_T=''
EGREP='/bin/grep -E'
EXEEXT=''
FGREP='/bin/grep -F'
GREP='/bin/grep'
INSTALL_DATA='${INSTALL} -m 644'
INSTALL_PROGRAM='${INSTALL}'
INSTALL_SCRIPT='${INSTALL}'
INSTALL_STRIP_PROGRAM='$(install_sh) -c -s'
LD='/usr/bin/ld -m elf_x86_64'
LDFLAGS=''
LIBOBJS=''
LIBS=' -lpthread'
LIBTOOL='$(SHELL) $(top_builddir)/libtool'
LIPO=''
LN_S='ln -s'
LTLIBOBJS=''
MAKEINFO='${SHELL} /opt/workspace/tgserver/tg-socket-server/trunk/plugins/gis-service/spatialindex-src-1.7.1/missing --run makeinfo'
NM='/usr/bin/nm -B'
NMEDIT=''
OBJDUMP='objdump'
OBJEXT='o'
OTOOL64=''
OTOOL=''
PACKAGE='spatialindex-src'
PACKAGE_BUGREPORT='mhadji@gmail.com'
PACKAGE_NAME='spatialindex'
PACKAGE_STRING='spatialindex 1.7.1'
PACKAGE_TARNAME='spatialindex-src'
PACKAGE_VERSION='1.7.1'
PATH_SEPARATOR=':'
RAND_IS_CONFIG_FALSE=''
RAND_IS_CONFIG_TRUE='#'
RANLIB='ranlib'
SED='/bin/sed'
SET_MAKE=''
SHELL='/bin/bash'
STRIP='strip'
VERSION='1.7.1'
ac_ct_CC='gcc'
ac_ct_CXX='g++'
ac_ct_DUMPBIN=''
am__fastdepCC_FALSE='#'
am__fastdepCC_TRUE=''
am__fastdepCXX_FALSE='#'
am__fastdepCXX_TRUE=''
am__include='include'
am__isrc=''
am__leading_dot='.'
am__quote=''
am__tar='${AMTAR} chof - "$$tardir"'
am__untar='${AMTAR} xf -'
bindir='${exec_prefix}/bin'
build='x86_64-unknown-linux-gnu'
build_alias=''
build_cpu='x86_64'
build_os='linux-gnu'
build_vendor='unknown'
datadir='${datarootdir}'
datarootdir='${prefix}/share'
docdir='${datarootdir}/doc/${PACKAGE_TARNAME}'
dvidir='${docdir}'
exec_prefix='${prefix}'
host='x86_64-unknown-linux-gnu'
host_alias=''
host_cpu='x86_64'
host_os='linux-gnu'
host_vendor='unknown'
htmldir='${docdir}'
includedir='${prefix}/include'
infodir='${datarootdir}/info'
install_sh='$(SHELL) /opt/workspace/tgserver/tg-socket-server/trunk/plugins/gis-service/spatialindex-src-1.7.1/install-sh'
libdir='${exec_prefix}/lib'
libexecdir='${exec_prefix}/libexec'
localedir='${datarootdir}/locale'
localstatedir='${prefix}/var'
mandir='${datarootdir}/man'
mkdir_p='/bin/mkdir -p'
oldincludedir='/usr/include'
pdfdir='${docdir}'
prefix='/usr/local'
program_transform_name='s,x,x,'
psdir='${docdir}'
sbindir='${exec_prefix}/sbin'
sharedstatedir='${prefix}/com'
sysconfdir='${prefix}/etc'
target_alias=''

## ----------- ##
## confdefs.h. ##
## ----------- ##

#define PACKAGE_NAME "spatialindex"
#define PACKAGE_TARNAME "spatialindex-src"
#define PACKAGE_VERSION "1.7.1"
#define PACKAGE_STRING "spatialindex 1.7.1"
#define PACKAGE_BUGREPORT "mhadji@gmail.com"
#define STDC_HEADERS 1
#define HAVE_SYS_TYPES_H 1
#define HAVE_SYS_STAT_H 1
#define HAVE_STDLIB_H 1
#define HAVE_STRING_H 1
#define HAVE_MEMORY_H 1
#define HAVE_STRINGS_H 1
#define HAVE_INTTYPES_H 1
#define HAVE_STDINT_H 1
#define HAVE_UNISTD_H 1
#define HAVE_DLFCN_H 1
#define LT_OBJDIR ".libs/"
#define PACKAGE "spatialindex-src"
#define VERSION "1.7.1"
#define HAVE_FCNTL_H 1
#define HAVE_UNISTD_H 1
#define HAVE_SYS_TYPES_H 1
#define HAVE_SYS_STAT_H 1
#define HAVE_PTHREAD_H 1
#define HAVE_SYS_RESOURCE_H 1
#define HAVE_SYS_TIME_H 1
#define HAVE_STDINT_H 1
#define HAVE_FEATURES_H 1
#define HAVE_GETTIMEOFDAY 1
#define HAVE_BZERO 1
#define HAVE_MEMSET 1
#define HAVE_MEMCPY 1
#define HAVE_BCOPY 1
#define HAVE_SRAND48 1

configure: exit 0
